Arguments: 
  /home/hasintha/.nvm/versions/node/v12.16.1/bin/node /usr/share/yarn/bin/yarn.js init

PATH: 
  /home/hasintha/.nvm/versions/node/v12.16.1/bin:/usr/local/sbin:/usr/local/bin:/usr/sbin:/usr/bin:/sbin:/bin:/usr/games:/usr/local/games:/mnt/c/Program Files/Common Files/Oracle/Java/javapath:/mnt/c/Windows/system32:/mnt/c/Windows:/mnt/c/Windows/System32/Wbem:/mnt/c/Windows/System32/WindowsPowerShell/v1.0/:/mnt/c/Windows/System32/OpenSSH/:/mnt/c/Program Files/NVIDIA Corporation/NVIDIA NvDLISR:/mnt/c/Program Files/Git/cmd:/mnt/c/Program Files/PostgreSQL/13/bin:/mnt/c/ProgramData/chocolatey/bin:/mnt/c/Users/hasin/Downloads/ngrok-stable-windows-amd64:/mnt/c/Users/hasin/Downloads/nvim-win64/Neovim/bin:/mnt/c/Program Files/PuTTY/:/mnt/c/Program Files/nodejs/:/mnt/c/Users/hasin/AppData/Local/Android/Sdk/platform-tools:/mnt/c/Users/hasin/scoop/shims:/mnt/c/Users/hasin/AppData/Local/Microsoft/WindowsApps:/mnt/c/Users/hasin/AppData/Local/Programs/Microsoft VS Code/bin:/mnt/c/src/flutter/bin:/mnt/c/Users/hasin/AppData/Roaming/npm:/mnt/c/Program Files (x86)/mitmproxy/bin

Yarn version: 
  1.22.5

Node version: 
  12.16.1

Platform: 
  linux x64

Trace: 
  Error: canceled
      at Interface.<anonymous> (/usr/share/yarn/lib/cli.js:137009:13)
      at Interface.emit (events.js:311:20)
      at Interface._ttyWrite (readline.js:893:16)
      at ReadStream.onkeypress (readline.js:198:10)
      at ReadStream.emit (events.js:311:20)
      at emitKeys (internal/readline/utils.js:438:14)
      at emitKeys.next (<anonymous>)
      at ReadStream.onData (readline.js:1160:36)
      at ReadStream.emit (events.js:311:20)
      at addChunk (_stream_readable.js:294:12)

npm manifest: 
  No manifest

yarn manifest: 
  No manifest

Lockfile: 
  No lockfile
